[2022-04-25 06:40:36.984]  INFO Starting App v1.0.0 on afd433dc12d8 with PID 10 (/rocketmq-dashboard.jar started by root in /)
[2022-04-25 06:40:37.055]  INFO No active profile set, falling back to default profiles: default
[2022-04-25 06:40:52.394]  INFO Tomcat initialized with port(s): 8080 (http)
[2022-04-25 06:40:52.471]  INFO Initializing ProtocolHandler ["http-nio-0.0.0.0-8080"]
[2022-04-25 06:40:52.479]  INFO Starting service [Tomcat]
[2022-04-25 06:40:52.481]  INFO Starting Servlet engine: [Apache Tomcat/9.0.29]
[2022-04-25 06:40:52.980]  INFO Initializing Spring embedded WebApplicationContext
[2022-04-25 06:40:52.982]  INFO Root WebApplicationContext: initialization completed in 14137 ms
[2022-04-25 06:41:01.645]  INFO Initializing ExecutorService 'applicationTaskExecutor'
[2022-04-25 06:41:02.693]  INFO Adding welcome page: class path resource [static/index.html]
[2022-04-25 06:41:03.916]  INFO Initializing ExecutorService 'taskScheduler'
[2022-04-25 06:41:04.016]  INFO Exposing 2 endpoint(s) beneath base path '/actuator'
[2022-04-25 06:41:04.364]  INFO Starting ProtocolHandler ["http-nio-0.0.0.0-8080"]
[2022-04-25 06:41:04.472]  INFO Tomcat started on port(s): 8080 (http) with context path ''
[2022-04-25 06:41:04.492]  INFO Started App in 32.639 seconds (JVM running for 38.608)
[2022-04-25 06:41:12.405]  INFO Initializing Spring DispatcherServlet 'dispatcherServlet'
[2022-04-25 06:41:12.415]  INFO Initializing Servlet 'dispatcherServlet'
[2022-04-25 06:41:13.224]  INFO Completed initialization in 805 ms
[2022-04-25 06:41:17.065]  INFO create MQAdmin instance ClientConfig [namesrvAddr=rmqnamesrv-a:9876;rmqnamesrv-b:9877, clientIP=172.28.0.14, instanceName=1650868875740, clientCallbackExecutorThreads=4, pollNameServerInterval=30000, heartbeatBrokerInterval=30000, persistConsumerOffsetInterval=5000, pullTimeDelayMillsWhenException=1000, unitMode=false, unitName=null, vipChannelEnabled=false, useTLS=false, language=JAVA, namespace=null] success.
[2022-04-25 06:41:17.842]  INFO closeChannel: close the connection to remote address[] result: true
[2022-04-25 06:41:17.850]  INFO closeChannel: close the connection to remote address[] result: true
[2022-04-25 06:41:17.922] ERROR op=global_exception_handler_print_error
java.lang.RuntimeException: org.apache.rocketmq.remoting.exception.RemotingConnectException: connect to [rmqnamesrv-b:9877, rmqnamesrv-a:9876] failed
	at com.google.common.base.Throwables.propagate(Throwables.java:241)
	at org.apache.rocketmq.dashboard.service.impl.ClusterServiceImpl.list(ClusterServiceImpl.java:62)
	at org.apache.rocketmq.dashboard.controller.ClusterController.list(ClusterController.java:40)
	at org.apache.rocketmq.dashboard.controller.ClusterController$$FastClassBySpringCGLIB$$d5e9853e.invoke(<generated>)
	at org.springframework.cglib.proxy.MethodProxy.invoke(MethodProxy.java:218)
	at org.springframework.aop.framework.CglibAopProxy$CglibMethodInvocation.invokeJoinpoint(CglibAopProxy.java:769)
	at org.springframework.aop.framework.ReflectiveMethodInvocation.proceed(ReflectiveMethodInvocation.java:163)
	at org.springframework.aop.framework.CglibAopProxy$CglibMethodInvocation.proceed(CglibAopProxy.java:747)
	at org.springframework.aop.aspectj.MethodInvocationProceedingJoinPoint.proceed(MethodInvocationProceedingJoinPoint.java:88)
	at org.apache.rocketmq.dashboard.permisssion.PermissionAspect.checkPermission(PermissionAspect.java:67)
	at sun.reflect.NativeMethodAccessorImpl.invoke0(Native Method)
	at sun.reflect.NativeMethodAccessorImpl.invoke(NativeMethodAccessorImpl.java:62)
	at sun.reflect.DelegatingMethodAccessorImpl.invoke(DelegatingMethodAccessorImpl.java:43)
	at java.lang.reflect.Method.invoke(Method.java:498)
	at org.springframework.aop.aspectj.AbstractAspectJAdvice.invokeAdviceMethodWithGivenArgs(AbstractAspectJAdvice.java:644)
	at org.springframework.aop.aspectj.AbstractAspectJAdvice.invokeAdviceMethod(AbstractAspectJAdvice.java:633)
	at org.springframework.aop.aspectj.AspectJAroundAdvice.invoke(AspectJAroundAdvice.java:70)
	at org.springframework.aop.framework.ReflectiveMethodInvocation.proceed(ReflectiveMethodInvocation.java:175)
	at org.springframework.aop.framework.CglibAopProxy$CglibMethodInvocation.proceed(CglibAopProxy.java:747)
	at org.springframework.aop.interceptor.ExposeInvocationInterceptor.invoke(ExposeInvocationInterceptor.java:93)
	at org.springframework.aop.framework.ReflectiveMethodInvocation.proceed(ReflectiveMethodInvocation.java:186)
	at org.springframework.aop.framework.CglibAopProxy$CglibMethodInvocation.proceed(CglibAopProxy.java:747)
	at org.springframework.aop.framework.CglibAopProxy$DynamicAdvisedInterceptor.intercept(CglibAopProxy.java:689)
	at org.apache.rocketmq.dashboard.controller.ClusterController$$EnhancerBySpringCGLIB$$ec9e1c29.list(<generated>)
	at sun.reflect.NativeMethodAccessorImpl.invoke0(Native Method)
	at sun.reflect.NativeMethodAccessorImpl.invoke(NativeMethodAccessorImpl.java:62)
	at sun.reflect.DelegatingMethodAccessorImpl.invoke(DelegatingMethodAccessorImpl.java:43)
	at java.lang.reflect.Method.invoke(Method.java:498)
	at org.springframework.web.method.support.InvocableHandlerMethod.doInvoke(InvocableHandlerMethod.java:190)
	at org.springframework.web.method.support.InvocableHandlerMethod.invokeForRequest(InvocableHandlerMethod.java:138)
	at org.springframework.web.servlet.mvc.method.annotation.ServletInvocableHandlerMethod.invokeAndHandle(ServletInvocableHandlerMethod.java:106)
	at org.springframework.web.servlet.mvc.method.annotation.RequestMappingHandlerAdapter.invokeHandlerMethod(RequestMappingHandlerAdapter.java:888)
	at org.springframework.web.servlet.mvc.method.annotation.RequestMappingHandlerAdapter.handleInternal(RequestMappingHandlerAdapter.java:793)
	at org.springframework.web.servlet.mvc.method.AbstractHandlerMethodAdapter.handle(AbstractHandlerMethodAdapter.java:87)
	at org.springframework.web.servlet.DispatcherServlet.doDispatch(DispatcherServlet.java:1040)
	at org.springframework.web.servlet.DispatcherServlet.doService(DispatcherServlet.java:943)
	at org.springframework.web.servlet.FrameworkServlet.processRequest(FrameworkServlet.java:1006)
	at org.springframework.web.servlet.FrameworkServlet.doGet(FrameworkServlet.java:898)
	at javax.servlet.http.HttpServlet.service(HttpServlet.java:634)
	at org.springframework.web.servlet.FrameworkServlet.service(FrameworkServlet.java:883)
	at javax.servlet.http.HttpServlet.service(HttpServlet.java:741)
	at org.apache.catalina.core.ApplicationFilterChain.internalDoFilter(ApplicationFilterChain.java:231)
	at org.apache.catalina.core.ApplicationFilterChain.doFilter(ApplicationFilterChain.java:166)
	at org.apache.tomcat.websocket.server.WsFilter.doFilter(WsFilter.java:53)
	at org.apache.catalina.core.ApplicationFilterChain.internalDoFilter(ApplicationFilterChain.java:193)
	at org.apache.catalina.core.ApplicationFilterChain.doFilter(ApplicationFilterChain.java:166)
	at org.apache.rocketmq.dashboard.filter.HttpBasicAuthorizedFilter.doFilter(HttpBasicAuthorizedFilter.java:45)
	at org.apache.catalina.core.ApplicationFilterChain.internalDoFilter(ApplicationFilterChain.java:193)
	at org.apache.catalina.core.ApplicationFilterChain.doFilter(ApplicationFilterChain.java:166)
	at org.springframework.web.filter.RequestContextFilter.doFilterInternal(RequestContextFilter.java:100)
	at org.springframework.web.filter.OncePerRequestFilter.doFilter(OncePerRequestFilter.java:119)
	at org.apache.catalina.core.ApplicationFilterChain.internalDoFilter(ApplicationFilterChain.java:193)
	at org.apache.catalina.core.ApplicationFilterChain.doFilter(ApplicationFilterChain.java:166)
	at org.springframework.web.filter.FormContentFilter.doFilterInternal(FormContentFilter.java:93)
	at org.springframework.web.filter.OncePerRequestFilter.doFilter(OncePerRequestFilter.java:119)
	at org.apache.catalina.core.ApplicationFilterChain.internalDoFilter(ApplicationFilterChain.java:193)
	at org.apache.catalina.core.ApplicationFilterChain.doFilter(ApplicationFilterChain.java:166)
	at org.springframework.boot.actuate.metrics.web.servlet.WebMvcMetricsFilter.doFilterInternal(WebMvcMetricsFilter.java:108)
	at org.springframework.web.filter.OncePerRequestFilter.doFilter(OncePerRequestFilter.java:119)
	at org.apache.catalina.core.ApplicationFilterChain.internalDoFilter(ApplicationFilterChain.java:193)
	at org.apache.catalina.core.ApplicationFilterChain.doFilter(ApplicationFilterChain.java:166)
	at org.springframework.web.filter.CharacterEncodingFilter.doFilterInternal(CharacterEncodingFilter.java:201)
	at org.springframework.web.filter.OncePerRequestFilter.doFilter(OncePerRequestFilter.java:119)
	at org.apache.catalina.core.ApplicationFilterChain.internalDoFilter(ApplicationFilterChain.java:193)
	at org.apache.catalina.core.ApplicationFilterChain.doFilter(ApplicationFilterChain.java:166)
	at org.apache.catalina.core.StandardWrapperValve.invoke(StandardWrapperValve.java:202)
	at org.apache.catalina.core.StandardContextValve.invoke(StandardContextValve.java:96)
	at org.apache.catalina.authenticator.AuthenticatorBase.invoke(AuthenticatorBase.java:526)
	at org.apache.catalina.core.StandardHostValve.invoke(StandardHostValve.java:139)
	at org.apache.catalina.valves.ErrorReportValve.invoke(ErrorReportValve.java:92)
	at org.apache.catalina.core.StandardEngineValve.invoke(StandardEngineValve.java:74)
	at org.apache.catalina.connector.CoyoteAdapter.service(CoyoteAdapter.java:343)
	at org.apache.coyote.http11.Http11Processor.service(Http11Processor.java:367)
	at org.apache.coyote.AbstractProcessorLight.process(AbstractProcessorLight.java:65)
	at org.apache.coyote.AbstractProtocol$ConnectionHandler.process(AbstractProtocol.java:860)
	at org.apache.tomcat.util.net.NioEndpoint$SocketProcessor.doRun(NioEndpoint.java:1591)
	at org.apache.tomcat.util.net.SocketProcessorBase.run(SocketProcessorBase.java:49)
	at java.util.concurrent.ThreadPoolExecutor.runWorker(ThreadPoolExecutor.java:1142)
	at java.util.concurrent.ThreadPoolExecutor$Worker.run(ThreadPoolExecutor.java:617)
	at org.apache.tomcat.util.threads.TaskThread$WrappingRunnable.run(TaskThread.java:61)
	at java.lang.Thread.run(Thread.java:745)
Caused by: org.apache.rocketmq.remoting.exception.RemotingConnectException: connect to [rmqnamesrv-b:9877, rmqnamesrv-a:9876] failed
	at org.apache.rocketmq.remoting.netty.NettyRemotingClient.getAndCreateNameserverChannel(NettyRemotingClient.java:445)
	at org.apache.rocketmq.remoting.netty.NettyRemotingClient.getAndCreateChannel(NettyRemotingClient.java:400)
	at org.apache.rocketmq.remoting.netty.NettyRemotingClient.invokeSync(NettyRemotingClient.java:369)
	at org.apache.rocketmq.client.impl.MQClientAPIImpl.getBrokerClusterInfo(MQClientAPIImpl.java:1333)
	at org.apache.rocketmq.tools.admin.DefaultMQAdminExtImpl.examineBrokerClusterInfo(DefaultMQAdminExtImpl.java:306)
	at org.apache.rocketmq.tools.admin.DefaultMQAdminExt.examineBrokerClusterInfo(DefaultMQAdminExt.java:257)
	at org.apache.rocketmq.dashboard.service.client.MQAdminExtImpl.examineBrokerClusterInfo(MQAdminExtImpl.java:204)
	at org.apache.rocketmq.dashboard.service.client.MQAdminExtImpl$$FastClassBySpringCGLIB$$a15c4ca6.invoke(<generated>)
	at org.springframework.cglib.proxy.MethodProxy.invoke(MethodProxy.java:218)
	at org.springframework.aop.framework.CglibAopProxy$CglibMethodInvocation.invokeJoinpoint(CglibAopProxy.java:769)
	at org.springframework.aop.framework.ReflectiveMethodInvocation.proceed(ReflectiveMethodInvocation.java:163)
	at org.springframework.aop.framework.CglibAopProxy$CglibMethodInvocation.proceed(CglibAopProxy.java:747)
	at org.springframework.aop.aspectj.MethodInvocationProceedingJoinPoint.proceed(MethodInvocationProceedingJoinPoint.java:88)
	at org.apache.rocketmq.dashboard.aspect.admin.MQAdminAspect.aroundMQAdminMethod(MQAdminAspect.java:52)
	at sun.reflect.NativeMethodAccessorImpl.invoke0(Native Method)
	at sun.reflect.NativeMethodAccessorImpl.invoke(NativeMethodAccessorImpl.java:62)
	at sun.reflect.DelegatingMethodAccessorImpl.invoke(DelegatingMethodAccessorImpl.java:43)
	at java.lang.reflect.Method.invoke(Method.java:498)
	at org.springframework.aop.aspectj.AbstractAspectJAdvice.invokeAdviceMethodWithGivenArgs(AbstractAspectJAdvice.java:644)
	at org.springframework.aop.aspectj.AbstractAspectJAdvice.invokeAdviceMethod(AbstractAspectJAdvice.java:633)
	at org.springframework.aop.aspectj.AspectJAroundAdvice.invoke(AspectJAroundAdvice.java:70)
	at org.springframework.aop.framework.ReflectiveMethodInvocation.proceed(ReflectiveMethodInvocation.java:186)
	at org.springframework.aop.framework.CglibAopProxy$CglibMethodInvocation.proceed(CglibAopProxy.java:747)
	at org.springframework.aop.interceptor.ExposeInvocationInterceptor.invoke(ExposeInvocationInterceptor.java:93)
	at org.springframework.aop.framework.ReflectiveMethodInvocation.proceed(ReflectiveMethodInvocation.java:186)
	at org.springframework.aop.framework.CglibAopProxy$CglibMethodInvocation.proceed(CglibAopProxy.java:747)
	at org.springframework.aop.framework.CglibAopProxy$DynamicAdvisedInterceptor.intercept(CglibAopProxy.java:689)
	at org.apache.rocketmq.dashboard.service.client.MQAdminExtImpl$$EnhancerBySpringCGLIB$$e49a5361.examineBrokerClusterInfo(<generated>)
	at org.apache.rocketmq.dashboard.service.impl.ClusterServiceImpl.list(ClusterServiceImpl.java:46)
	... 79 common frames omitted
[2022-04-25 06:41:30.081]  INFO closeChannel: close the connection to remote address[] result: true
[2022-04-25 06:41:30.111]  INFO closeChannel: close the connection to remote address[] result: true
[2022-04-25 06:41:30.109] ERROR Unexpected error occurred in scheduled task
java.lang.RuntimeException: org.apache.rocketmq.remoting.exception.RemotingConnectException: connect to [rmqnamesrv-b:9877, rmqnamesrv-a:9876] failed
	at com.google.common.base.Throwables.propagate(Throwables.java:241)
	at org.apache.rocketmq.dashboard.task.DashboardCollectTask.collectTopic(DashboardCollectTask.java:161)
	at sun.reflect.NativeMethodAccessorImpl.invoke0(Native Method)
	at sun.reflect.NativeMethodAccessorImpl.invoke(NativeMethodAccessorImpl.java:62)
	at sun.reflect.DelegatingMethodAccessorImpl.invoke(DelegatingMethodAccessorImpl.java:43)
	at java.lang.reflect.Method.invoke(Method.java:498)
	at org.springframework.scheduling.support.ScheduledMethodRunnable.run(ScheduledMethodRunnable.java:84)
	at org.springframework.scheduling.support.DelegatingErrorHandlingRunnable.run(DelegatingErrorHandlingRunnable.java:54)
	at org.springframework.scheduling.concurrent.ReschedulingRunnable.run(ReschedulingRunnable.java:93)
	at java.util.concurrent.Executors$RunnableAdapter.call(Executors.java:511)
	at java.util.concurrent.FutureTask.run(FutureTask.java:266)
	at java.util.concurrent.ScheduledThreadPoolExecutor$ScheduledFutureTask.access$201(ScheduledThreadPoolExecutor.java:180)
	at java.util.concurrent.ScheduledThreadPoolExecutor$ScheduledFutureTask.run(ScheduledThreadPoolExecutor.java:293)
	at java.util.concurrent.ThreadPoolExecutor.runWorker(ThreadPoolExecutor.java:1142)
	at java.util.concurrent.ThreadPoolExecutor$Worker.run(ThreadPoolExecutor.java:617)
	at java.lang.Thread.run(Thread.java:745)
Caused by: org.apache.rocketmq.remoting.exception.RemotingConnectException: connect to [rmqnamesrv-b:9877, rmqnamesrv-a:9876] failed
	at org.apache.rocketmq.remoting.netty.NettyRemotingClient.getAndCreateNameserverChannel(NettyRemotingClient.java:445)
	at org.apache.rocketmq.remoting.netty.NettyRemotingClient.getAndCreateChannel(NettyRemotingClient.java:400)
	at org.apache.rocketmq.remoting.netty.NettyRemotingClient.invokeSync(NettyRemotingClient.java:369)
	at org.apache.rocketmq.client.impl.MQClientAPIImpl.getTopicListFromNameServer(MQClientAPIImpl.java:1392)
	at org.apache.rocketmq.tools.admin.DefaultMQAdminExtImpl.fetchAllTopicList(DefaultMQAdminExtImpl.java:253)
	at org.apache.rocketmq.tools.admin.DefaultMQAdminExt.fetchAllTopicList(DefaultMQAdminExt.java:224)
	at org.apache.rocketmq.dashboard.service.client.MQAdminExtImpl.fetchAllTopicList(MQAdminExtImpl.java:176)
	at org.apache.rocketmq.dashboard.service.client.MQAdminExtImpl$$FastClassBySpringCGLIB$$a15c4ca6.invoke(<generated>)
	at org.springframework.cglib.proxy.MethodProxy.invoke(MethodProxy.java:218)
	at org.springframework.aop.framework.CglibAopProxy$CglibMethodInvocation.invokeJoinpoint(CglibAopProxy.java:769)
	at org.springframework.aop.framework.ReflectiveMethodInvocation.proceed(ReflectiveMethodInvocation.java:163)
	at org.springframework.aop.framework.CglibAopProxy$CglibMethodInvocation.proceed(CglibAopProxy.java:747)
	at org.springframework.aop.aspectj.MethodInvocationProceedingJoinPoint.proceed(MethodInvocationProceedingJoinPoint.java:88)
	at org.apache.rocketmq.dashboard.aspect.admin.MQAdminAspect.aroundMQAdminMethod(MQAdminAspect.java:52)
	at sun.reflect.NativeMethodAccessorImpl.invoke0(Native Method)
	at sun.reflect.NativeMethodAccessorImpl.invoke(NativeMethodAccessorImpl.java:62)
	at sun.reflect.DelegatingMethodAccessorImpl.invoke(DelegatingMethodAccessorImpl.java:43)
	at java.lang.reflect.Method.invoke(Method.java:498)
	at org.springframework.aop.aspectj.AbstractAspectJAdvice.invokeAdviceMethodWithGivenArgs(AbstractAspectJAdvice.java:644)
	at org.springframework.aop.aspectj.AbstractAspectJAdvice.invokeAdviceMethod(AbstractAspectJAdvice.java:633)
	at org.springframework.aop.aspectj.AspectJAroundAdvice.invoke(AspectJAroundAdvice.java:70)
	at org.springframework.aop.framework.ReflectiveMethodInvocation.proceed(ReflectiveMethodInvocation.java:186)
	at org.springframework.aop.framework.CglibAopProxy$CglibMethodInvocation.proceed(CglibAopProxy.java:747)
	at org.springframework.aop.interceptor.ExposeInvocationInterceptor.invoke(ExposeInvocationInterceptor.java:93)
	at org.springframework.aop.framework.ReflectiveMethodInvocation.proceed(ReflectiveMethodInvocation.java:186)
	at org.springframework.aop.framework.CglibAopProxy$CglibMethodInvocation.proceed(CglibAopProxy.java:747)
	at org.springframework.aop.framework.CglibAopProxy$DynamicAdvisedInterceptor.intercept(CglibAopProxy.java:689)
	at org.apache.rocketmq.dashboard.service.client.MQAdminExtImpl$$EnhancerBySpringCGLIB$$e49a5361.fetchAllTopicList(<generated>)
	at org.apache.rocketmq.dashboard.task.DashboardCollectTask.collectTopic(DashboardCollectTask.java:79)
	... 14 common frames omitted
